[debug] [2025-04-15T18:30:52.592Z] ----------------------------------------------------------------------
[debug] [2025-04-15T18:30:52.595Z] Command:       /nix/store/ixbb20farqh1f4fqbmsn6b1ixn8mc8ij-nodejs-20.18.1/bin/node /home/user/.global_modules/bin/firebase init hosting
[debug] [2025-04-15T18:30:52.595Z] CLI Version:   14.1.0
[debug] [2025-04-15T18:30:52.595Z] Platform:      linux
[debug] [2025-04-15T18:30:52.595Z] Node Version:  v20.18.1
[debug] [2025-04-15T18:30:52.596Z] Time:          Tue Apr 15 2025 18:30:52 GMT+0000 (Coordinated Universal Time)
[debug] [2025-04-15T18:30:52.596Z] ----------------------------------------------------------------------
[debug] 
[debug] [2025-04-15T18:30:52.602Z] > command requires scopes: ["email","openid","https://www.googleapis.com/auth/cloudplatformprojects.readonly","https://www.googleapis.com/auth/firebase","https://www.googleapis.com/auth/cloud-platform"]
[debug] [2025-04-15T18:30:52.602Z] > authorizing via signed-in user (thechosea@gmail.com)
[info] 
     ######## #### ########  ######## ########     ###     ######  ########
     ##        ##  ##     ## ##       ##     ##  ##   ##  ##       ##
     ######    ##  ########  ######   ########  #########  ######  ######
     ##        ##  ##    ##  ##       ##     ## ##     ##       ## ##
     ##       #### ##     ## ######## ########  ##     ##  ######  ########

You're about to initialize a Firebase project in this directory:

  /home/user/catprotectcost

[info] 
=== Project Setup
[info] 
[info] First, let's associate this project directory with a Firebase project.
[info] You can create multiple project aliases by running firebase use --add, 
[info] but for now we'll just set up a default project.
[info] 
[debug] [2025-04-15T18:31:02.499Z] Checked if tokens are valid: true, expires at: 1744744908105
[debug] [2025-04-15T18:31:02.499Z] Checked if tokens are valid: true, expires at: 1744744908105
[debug] [2025-04-15T18:31:02.504Z] >>> [apiv2][query] GET https://firebase.googleapis.com/v1beta1/projects pageSize=100
[debug] [2025-04-15T18:31:03.078Z] <<< [apiv2][status] GET https://firebase.googleapis.com/v1beta1/projects 200
[debug] [2025-04-15T18:31:03.078Z] <<< [apiv2][body] GET https://firebase.googleapis.com/v1beta1/projects [omitted]
[info] i  Using project catformula-ad904 (catFormula ) 
[info] 
=== Hosting Setup
[debug] [2025-04-15T18:31:05.149Z] Checked if tokens are valid: true, expires at: 1744744908105
[debug] [2025-04-15T18:31:05.150Z] Checked if tokens are valid: true, expires at: 1744744908105
[debug] [2025-04-15T18:31:05.150Z] >>> [apiv2][query] GET https://firebase.googleapis.com/v1beta1/projects/catformula-ad904 [none]
[debug] [2025-04-15T18:31:05.376Z] <<< [apiv2][status] GET https://firebase.googleapis.com/v1beta1/projects/catformula-ad904 200
[debug] [2025-04-15T18:31:05.377Z] <<< [apiv2][body] GET https://firebase.googleapis.com/v1beta1/projects/catformula-ad904 {"projectId":"catformula-ad904","projectNumber":"587721892320","displayName":"catFormula ","name":"projects/catformula-ad904","resources":{"hostingSite":"catformula-ad904"},"state":"ACTIVE","etag":"1_0093b6ef-907e-4f47-b18d-fde2f03cd2a8"}
[info] 
[info] Your public directory is the folder (relative to your project directory) that
[info] will contain Hosting assets to be uploaded with firebase deploy. If you
[info] have a build process for your assets, use your build's output directory.
[info] 
[debug] [2025-04-15T18:31:39.561Z] >>> [apiv2][query] GET https://www.gstatic.com/firebasejs/releases.json [none]
[debug] [2025-04-15T18:31:39.583Z] <<< [apiv2][status] GET https://www.gstatic.com/firebasejs/releases.json 200
[debug] [2025-04-15T18:31:39.583Z] <<< [apiv2][body] GET https://www.gstatic.com/firebasejs/releases.json {"current":{"version":"11.6.0","browserURL":"https://www.gstatic.com/firebasejs/11.6.0/firebase.js","packageURL":"https://www.gstatic.com/firebasejs/11.6.0/firebase.tgz"},"live":{"version":"11.6","browserURL":"https://www.gstatic.com/firebasejs/live/11.6/firebase.js","packageURL":"https://www.gstatic.com/firebasejs/live/11.6/firebase.tgz"},"components":{"analytics":"https://www.gstatic.com/firebasejs/11.6.0/firebase-analytics.js","app":"https://www.gstatic.com/firebasejs/11.6.0/firebase-app.js","app-check":"https://www.gstatic.com/firebasejs/11.6.0/firebase-app-check.js","auth":"https://www.gstatic.com/firebasejs/11.6.0/firebase-auth.js","auth/cordova":"https://www.gstatic.com/firebasejs/11.6.0/firebase-auth/cordova.js","auth/web-extension":"https://www.gstatic.com/firebasejs/11.6.0/firebase-auth/web-extension.js","functions":"https://www.gstatic.com/firebasejs/11.6.0/firebase-functions.js","firestore":"https://www.gstatic.com/firebasejs/11.6.0/firebase-firestore.js","firestore/lite":"https://www.gstatic.com/firebasejs/11.6.0/firebase-firestore/lite.js","installations":"https://www.gstatic.com/firebasejs/11.6.0/firebase-installations.js","storage":"https://www.gstatic.com/firebasejs/11.6.0/firebase-storage.js","performance":"https://www.gstatic.com/firebasejs/11.6.0/firebase-performance.js","remote-config":"https://www.gstatic.com/firebasejs/11.6.0/firebase-remote-config.js","messaging":"https://www.gstatic.com/firebasejs/11.6.0/firebase-messaging.js","messaging/sw":"https://www.gstatic.com/firebasejs/11.6.0/firebase-messaging/sw.js","database":"https://www.gstatic.com/firebasejs/11.6.0/firebase-database.js","vertexai":"https://www.gstatic.com/firebasejs/11.6.0/firebase-vertexai.js","data-connect":"https://www.gstatic.com/firebasejs/11.6.0/firebase-data-connect.js","firestore.memory":"https://www.gstatic.com/firebasejs/11.6.0/firebase-firestore.memory.js"}}
[info] ✔  Wrote public/index.html 
[info] 
[info] i  Detected a .git folder at /home/user/catprotectcost 
[info] i  Authorizing with GitHub to upload your service account to a GitHub repository's secrets store. 
[info] 
[info] Visit this URL on this device to log in:
[info] https://github.com/login/oauth/authorize?client_id=89cf50f02ac6aaed3484&state=1062371116&redirect_uri=http%3A%2F%2Flocalhost%3A9005&scope=read%3Auser%20repo%20public_repo
[info] 
[info] Waiting for authentication...
